This is pdfTeX, Version 3.141592653-2.6-1.40.25 (TeX Live 2023/Debian) (preloaded format=pdflatex 2025.10.6)  13 JAN 2026 10:47
entering extended mode
 restricted \write18 enabled.
 file:line:error style messages enabled.
 %&-line parsing enabled.
**/home/tim/Documents/Projects/2025/UC_London/waveUC_discCoefs/figs/2DcontrastSimple.tex
(/home/tim/Documents/Projects/2025/UC_London/waveUC_discCoefs/figs/2DcontrastSimple.tex
LaTeX2e <2023-11-01> patch level 1
L3 programming layer <2024-01-22>
(/usr/share/texlive/texmf-dist/tex/latex/standalone/standalone.cls
Document Class: standalone 2022/10/10 v1.3b Class to compile TeX sub-files standalone
(/usr/share/texlive/texmf-dist/tex/latex/tools/shellesc.sty
Package: shellesc 2023/07/08 v1.0d unified shell escape interface for LaTeX
Package shellesc Info: Restricted shell escape enabled on input line 77.
) (/usr/share/texlive/texmf-dist/tex/generic/iftex/ifluatex.sty
Package: ifluatex 2019/10/25 v1.5 ifluatex legacy package. Use iftex instead.
 (/usr/share/texlive/texmf-dist/tex/generic/iftex/iftex.sty
Package: iftex 2022/02/03 v1.0f TeX engine tests
)) (/usr/share/texlive/texmf-dist/tex/latex/xkeyval/xkeyval.sty
Package: xkeyval 2022/06/16 v2.9 package option processing (HA)
 (/usr/share/texlive/texmf-dist/tex/generic/xkeyval/xkeyval.tex (/usr/share/texlive/texmf-dist/tex/generic/xkeyval/xkvutils.tex
\XKV@toks=\toks17
\XKV@tempa@toks=\toks18
 (/usr/share/texlive/texmf-dist/tex/generic/xkeyval/keyval.tex))
\XKV@depth=\count187
File: xkeyval.tex 2014/12/03 v2.7a key=value parser (HA)
))
\sa@internal=\count188
\c@sapage=\count189
 (/usr/share/texlive/texmf-dist/tex/latex/standalone/standalone.cfg
File: standalone.cfg 2022/10/10 v1.3b Default configuration file for 'standalone' class
) (/usr/share/texlive/texmf-dist/tex/latex/base/article.cls
Document Class: article 2023/05/17 v1.4n Standard LaTeX document class
(/usr/share/texlive/texmf-dist/tex/latex/base/size10.clo
File: size10.clo 2023/05/17 v1.4n Standard LaTeX file (size option)
)
\c@part=\count190
\c@section=\count191
\c@subsection=\count192
\c@subsubsection=\count193
\c@paragraph=\count194
\c@subparagraph=\count195
\c@figure=\count196
\c@table=\count197
\abovecaptionskip=\skip48
\belowcaptionskip=\skip49
\bibindent=\dimen140
) (/usr/share/texlive/texmf-dist/tex/latex/pgf/frontendlayer/tikz.sty (/usr/share/texlive/texmf-dist/tex/latex/pgf/basiclayer/pgf.sty (/usr/share/texlive/texmf-dist/tex/latex/pgf/utilities/pgfrcs.sty (/usr/share/texlive/texmf-dist/tex/generic/pgf/utilities/pgfutil-common.tex
\pgfutil@everybye=\toks19
\pgfutil@tempdima=\dimen141
\pgfutil@tempdimb=\dimen142
) (/usr/share/texlive/texmf-dist/tex/generic/pgf/utilities/pgfutil-latex.def
\pgfutil@abb=\box51
) (/usr/share/texlive/texmf-dist/tex/generic/pgf/utilities/pgfrcs.code.tex (/usr/share/texlive/texmf-dist/tex/generic/pgf/pgf.revision.tex)
Package: pgfrcs 2023-01-15 v3.1.10 (3.1.10)
))
Package: pgf 2023-01-15 v3.1.10 (3.1.10)
 (/usr/share/texlive/texmf-dist/tex/latex/pgf/basiclayer/pgfcore.sty (/usr/share/texlive/texmf-dist/tex/latex/graphics/graphicx.sty
Package: graphicx 2021/09/16 v1.2d Enhanced LaTeX Graphics (DPC,SPQR)
 (/usr/share/texlive/texmf-dist/tex/latex/graphics/graphics.sty
Package: graphics 2022/03/10 v1.4e Standard LaTeX Graphics (DPC,SPQR)
 (/usr/share/texlive/texmf-dist/tex/latex/graphics/trig.sty
Package: trig 2021/08/11 v1.11 sin cos tan (DPC)
) (/usr/share/texlive/texmf-dist/tex/latex/graphics-cfg/graphics.cfg
File: graphics.cfg 2016/06/04 v1.11 sample graphics configuration
)
Package graphics Info: Driver file: pdftex.def on input line 107.
 (/usr/share/texlive/texmf-dist/tex/latex/graphics-def/pdftex.def
File: pdftex.def 2022/09/22 v1.2b Graphics/color driver for pdftex
))
\Gin@req@height=\dimen143
\Gin@req@width=\dimen144
) (/usr/share/texlive/texmf-dist/tex/latex/pgf/systemlayer/pgfsys.sty (/usr/share/texlive/texmf-dist/tex/generic/pgf/systemlayer/pgfsys.code.tex
Package: pgfsys 2023-01-15 v3.1.10 (3.1.10)
 (/usr/share/texlive/texmf-dist/tex/generic/pgf/utilities/pgfkeys.code.tex
\pgfkeys@pathtoks=\toks20
\pgfkeys@temptoks=\toks21
 (/usr/share/texlive/texmf-dist/tex/generic/pgf/utilities/pgfkeyslibraryfiltered.code.tex
\pgfkeys@tmptoks=\toks22
))
\pgf@x=\dimen145
\pgf@y=\dimen146
\pgf@xa=\dimen147
\pgf@ya=\dimen148
\pgf@xb=\dimen149
\pgf@yb=\dimen150
\pgf@xc=\dimen151
\pgf@yc=\dimen152
\pgf@xd=\dimen153
\pgf@yd=\dimen154
\w@pgf@writea=\write3
\r@pgf@reada=\read2
\c@pgf@counta=\count198
\c@pgf@countb=\count199
\c@pgf@countc=\count266
\c@pgf@countd=\count267
\t@pgf@toka=\toks23
\t@pgf@tokb=\toks24
\t@pgf@tokc=\toks25
\pgf@sys@id@count=\count268
 (/usr/share/texlive/texmf-dist/tex/generic/pgf/systemlayer/pgf.cfg
File: pgf.cfg 2023-01-15 v3.1.10 (3.1.10)
)
Driver file for pgf: pgfsys-pdftex.def
 (/usr/share/texlive/texmf-dist/tex/generic/pgf/systemlayer/pgfsys-pdftex.def
File: pgfsys-pdftex.def 2023-01-15 v3.1.10 (3.1.10)
 (/usr/share/texlive/texmf-dist/tex/generic/pgf/systemlayer/pgfsys-common-pdf.def
File: pgfsys-common-pdf.def 2023-01-15 v3.1.10 (3.1.10)
))) (/usr/share/texlive/texmf-dist/tex/generic/pgf/systemlayer/pgfsyssoftpath.code.tex
File: pgfsyssoftpath.code.tex 2023-01-15 v3.1.10 (3.1.10)
\pgfsyssoftpath@smallbuffer@items=\count269
\pgfsyssoftpath@bigbuffer@items=\count270
) (/usr/share/texlive/texmf-dist/tex/generic/pgf/systemlayer/pgfsysprotocol.code.tex
File: pgfsysprotocol.code.tex 2023-01-15 v3.1.10 (3.1.10)
)) (/usr/share/texlive/texmf-dist/tex/latex/xcolor/xcolor.sty
Package: xcolor 2023/11/15 v3.01 LaTeX color extensions (UK)
 (/usr/share/texlive/texmf-dist/tex/latex/graphics-cfg/color.cfg
File: color.cfg 2016/01/02 v1.6 sample color configuration
)
Package xcolor Info: Driver file: pdftex.def on input line 274.
 (/usr/share/texlive/texmf-dist/tex/latex/graphics/mathcolor.ltx)
Package xcolor Info: Model `cmy' substituted by `cmy0' on input line 1350.
Package xcolor Info: Model `hsb' substituted by `rgb' on input line 1354.
Package xcolor Info: Model `RGB' extended on input line 1366.
Package xcolor Info: Model `HTML' substituted by `rgb' on input line 1368.
Package xcolor Info: Model `Hsb' substituted by `hsb' on input line 1369.
Package xcolor Info: Model `tHsb' substituted by `hsb' on input line 1370.
Package xcolor Info: Model `HSB' substituted by `hsb' on input line 1371.
Package xcolor Info: Model `Gray' substituted by `gray' on input line 1372.
Package xcolor Info: Model `wave' substituted by `hsb' on input line 1373.
) (/usr/share/texlive/texmf-dist/tex/generic/pgf/basiclayer/pgfcore.code.tex
Package: pgfcore 2023-01-15 v3.1.10 (3.1.10)
 (/usr/share/texlive/texmf-dist/tex/generic/pgf/math/pgfmath.code.tex (/usr/share/texlive/texmf-dist/tex/generic/pgf/math/pgfmathutil.code.tex) (/usr/share/texlive/texmf-dist/tex/generic/pgf/math/pgfmathparser.code.tex
\pgfmath@dimen=\dimen155
\pgfmath@count=\count271
\pgfmath@box=\box52
\pgfmath@toks=\toks26
\pgfmath@stack@operand=\toks27
\pgfmath@stack@operation=\toks28
) (/usr/share/texlive/texmf-dist/tex/generic/pgf/math/pgfmathfunctions.code.tex) (/usr/share/texlive/texmf-dist/tex/generic/pgf/math/pgfmathfunctions.basic.code.tex) (/usr/share/texlive/texmf-dist/tex/generic/pgf/math/pgfmathfunctions.trigonometric.code.tex) (/usr/share/texlive/texmf-dist/tex/generic/pgf/math/pgfmathfunctions.random.code.tex) (/usr/share/texlive/texmf-dist/tex/generic/pgf/math/pgfmathfunctions.comparison.code.tex) (/usr/share/texlive/texmf-dist/tex/generic/pgf/math/pgfmathfunctions.base.code.tex) (/usr/share/texlive/texmf-dist/tex/generic/pgf/math/pgfmathfunctions.round.code.tex) (/usr/share/texlive/texmf-dist/tex/generic/pgf/math/pgfmathfunctions.misc.code.tex) (/usr/share/texlive/texmf-dist/tex/generic/pgf/math/pgfmathfunctions.integerarithmetics.code.tex) (/usr/share/texlive/texmf-dist/tex/generic/pgf/math/pgfmathcalc.code.tex) (/usr/share/texlive/texmf-dist/tex/generic/pgf/math/pgfmathfloat.code.tex
\c@pgfmathroundto@lastzeros=\count272
)) (/usr/share/texlive/texmf-dist/tex/generic/pgf/math/pgfint.code.tex) (/usr/share/texlive/texmf-dist/tex/generic/pgf/basiclayer/pgfcorepoints.code.tex
File: pgfcorepoints.code.tex 2023-01-15 v3.1.10 (3.1.10)
\pgf@picminx=\dimen156
\pgf@picmaxx=\dimen157
\pgf@picminy=\dimen158
\pgf@picmaxy=\dimen159
\pgf@pathminx=\dimen160
\pgf@pathmaxx=\dimen161
\pgf@pathminy=\dimen162
\pgf@pathmaxy=\dimen163
\pgf@xx=\dimen164
\pgf@xy=\dimen165
\pgf@yx=\dimen166
\pgf@yy=\dimen167
\pgf@zx=\dimen168
\pgf@zy=\dimen169
) (/usr/share/texlive/texmf-dist/tex/generic/pgf/basiclayer/pgfcorepathconstruct.code.tex
File: pgfcorepathconstruct.code.tex 2023-01-15 v3.1.10 (3.1.10)
\pgf@path@lastx=\dimen170
\pgf@path@lasty=\dimen171
) (/usr/share/texlive/texmf-dist/tex/generic/pgf/basiclayer/pgfcorepathusage.code.tex
File: pgfcorepathusage.code.tex 2023-01-15 v3.1.10 (3.1.10)
\pgf@shorten@end@additional=\dimen172
\pgf@shorten@start@additional=\dimen173
) (/usr/share/texlive/texmf-dist/tex/generic/pgf/basiclayer/pgfcorescopes.code.tex
File: pgfcorescopes.code.tex 2023-01-15 v3.1.10 (3.1.10)
\pgfpic=\box53
\pgf@hbox=\box54
\pgf@layerbox@main=\box55
\pgf@picture@serial@count=\count273
) (/usr/share/texlive/texmf-dist/tex/generic/pgf/basiclayer/pgfcoregraphicstate.code.tex
File: pgfcoregraphicstate.code.tex 2023-01-15 v3.1.10 (3.1.10)
\pgflinewidth=\dimen174
) (/usr/share/texlive/texmf-dist/tex/generic/pgf/basiclayer/pgfcoretransformations.code.tex
File: pgfcoretransformations.code.tex 2023-01-15 v3.1.10 (3.1.10)
\pgf@pt@x=\dimen175
\pgf@pt@y=\dimen176
\pgf@pt@temp=\dimen177
) (/usr/share/texlive/texmf-dist/tex/generic/pgf/basiclayer/pgfcorequick.code.tex
File: pgfcorequick.code.tex 2023-01-15 v3.1.10 (3.1.10)
) (/usr/share/texlive/texmf-dist/tex/generic/pgf/basiclayer/pgfcoreobjects.code.tex
File: pgfcoreobjects.code.tex 2023-01-15 v3.1.10 (3.1.10)
) (/usr/share/texlive/texmf-dist/tex/generic/pgf/basiclayer/pgfcorepathprocessing.code.tex
File: pgfcorepathprocessing.code.tex 2023-01-15 v3.1.10 (3.1.10)
) (/usr/share/texlive/texmf-dist/tex/generic/pgf/basiclayer/pgfcorearrows.code.tex
File: pgfcorearrows.code.tex 2023-01-15 v3.1.10 (3.1.10)
\pgfarrowsep=\dimen178
) (/usr/share/texlive/texmf-dist/tex/generic/pgf/basiclayer/pgfcoreshade.code.tex
File: pgfcoreshade.code.tex 2023-01-15 v3.1.10 (3.1.10)
\pgf@max=\dimen179
\pgf@sys@shading@range@num=\count274
\pgf@shadingcount=\count275
) (/usr/share/texlive/texmf-dist/tex/generic/pgf/basiclayer/pgfcoreimage.code.tex
File: pgfcoreimage.code.tex 2023-01-15 v3.1.10 (3.1.10)
) (/usr/share/texlive/texmf-dist/tex/generic/pgf/basiclayer/pgfcoreexternal.code.tex
File: pgfcoreexternal.code.tex 2023-01-15 v3.1.10 (3.1.10)
\pgfexternal@startupbox=\box56
) (/usr/share/texlive/texmf-dist/tex/generic/pgf/basiclayer/pgfcorelayers.code.tex
File: pgfcorelayers.code.tex 2023-01-15 v3.1.10 (3.1.10)
) (/usr/share/texlive/texmf-dist/tex/generic/pgf/basiclayer/pgfcoretransparency.code.tex
File: pgfcoretransparency.code.tex 2023-01-15 v3.1.10 (3.1.10)
) (/usr/share/texlive/texmf-dist/tex/generic/pgf/basiclayer/pgfcorepatterns.code.tex
File: pgfcorepatterns.code.tex 2023-01-15 v3.1.10 (3.1.10)
) (/usr/share/texlive/texmf-dist/tex/generic/pgf/basiclayer/pgfcorerdf.code.tex
File: pgfcorerdf.code.tex 2023-01-15 v3.1.10 (3.1.10)
))) (/usr/share/texlive/texmf-dist/tex/generic/pgf/modules/pgfmoduleshapes.code.tex
File: pgfmoduleshapes.code.tex 2023-01-15 v3.1.10 (3.1.10)
\pgfnodeparttextbox=\box57
) (/usr/share/texlive/texmf-dist/tex/generic/pgf/modules/pgfmoduleplot.code.tex
File: pgfmoduleplot.code.tex 2023-01-15 v3.1.10 (3.1.10)
) (/usr/share/texlive/texmf-dist/tex/latex/pgf/compatibility/pgfcomp-version-0-65.sty
Package: pgfcomp-version-0-65 2023-01-15 v3.1.10 (3.1.10)
\pgf@nodesepstart=\dimen180
\pgf@nodesepend=\dimen181
) (/usr/share/texlive/texmf-dist/tex/latex/pgf/compatibility/pgfcomp-version-1-18.sty
Package: pgfcomp-version-1-18 2023-01-15 v3.1.10 (3.1.10)
)) (/usr/share/texlive/texmf-dist/tex/latex/pgf/utilities/pgffor.sty (/usr/share/texlive/texmf-dist/tex/latex/pgf/utilities/pgfkeys.sty (/usr/share/texlive/texmf-dist/tex/generic/pgf/utilities/pgfkeys.code.tex)) (/usr/share/texlive/texmf-dist/tex/latex/pgf/math/pgfmath.sty (/usr/share/texlive/texmf-dist/tex/generic/pgf/math/pgfmath.code.tex)) (/usr/share/texlive/texmf-dist/tex/generic/pgf/utilities/pgffor.code.tex
Package: pgffor 2023-01-15 v3.1.10 (3.1.10)
\pgffor@iter=\dimen182
\pgffor@skip=\dimen183
\pgffor@stack=\toks29
\pgffor@toks=\toks30
)) (/usr/share/texlive/texmf-dist/tex/generic/pgf/frontendlayer/tikz/tikz.code.tex
Package: tikz 2023-01-15 v3.1.10 (3.1.10)
 (/usr/share/texlive/texmf-dist/tex/generic/pgf/libraries/pgflibraryplothandlers.code.tex
File: pgflibraryplothandlers.code.tex 2023-01-15 v3.1.10 (3.1.10)
\pgf@plot@mark@count=\count276
\pgfplotmarksize=\dimen184
)
\tikz@lastx=\dimen185
\tikz@lasty=\dimen186
\tikz@lastxsaved=\dimen187
\tikz@lastysaved=\dimen188
\tikz@lastmovetox=\dimen189
\tikz@lastmovetoy=\dimen190
\tikzleveldistance=\dimen191
\tikzsiblingdistance=\dimen192
\tikz@figbox=\box58
\tikz@figbox@bg=\box59
\tikz@tempbox=\box60
\tikz@tempbox@bg=\box61
\tikztreelevel=\count277
\tikznumberofchildren=\count278
\tikznumberofcurrentchild=\count279
\tikz@fig@count=\count280
 (/usr/share/texlive/texmf-dist/tex/generic/pgf/modules/pgfmodulematrix.code.tex
File: pgfmodulematrix.code.tex 2023-01-15 v3.1.10 (3.1.10)
\pgfmatrixcurrentrow=\count281
\pgfmatrixcurrentcolumn=\count282
\pgf@matrix@numberofcolumns=\count283
)
\tikz@expandcount=\count284
 (/usr/share/texlive/texmf-dist/tex/generic/pgf/frontendlayer/tikz/libraries/tikzlibrarytopaths.code.tex
File: tikzlibrarytopaths.code.tex 2023-01-15 v3.1.10 (3.1.10)
)))
\sa@box=\box62
) (/usr/share/texlive/texmf-dist/tex/latex/stmaryrd/stmaryrd.sty
Package: stmaryrd 1994/03/03 St Mary's Road symbol package
\symstmry=\mathgroup4
LaTeX Font Info:    Overwriting symbol font `stmry' in version `bold'
(Font)                  U/stmry/m/n --> U/stmry/b/n on input line 89.
) (/usr/share/texlive/texmf-dist/tex/latex/amsfonts/amssymb.sty
Package: amssymb 2013/01/14 v3.01 AMS font symbols
 (/usr/share/texlive/texmf-dist/tex/latex/amsfonts/amsfonts.sty
Package: amsfonts 2013/01/14 v3.01 Basic AMSFonts support
\@emptytoks=\toks31
\symAMSa=\mathgroup5
\symAMSb=\mathgroup6
LaTeX Font Info:    Redeclaring math symbol \hbar on input line 98.
LaTeX Font Info:    Overwriting math alphabet `\mathfrak' in version `bold'
(Font)                  U/euf/m/n --> U/euf/b/n on input line 106.
)
LaTeX Font Info:    Redeclaring math symbol \boxdot on input line 44.
) (/usr/share/texlive/texmf-dist/tex/latex/amsmath/amsmath.sty
Package: amsmath 2023/05/13 v2.17o AMS math features
\@mathmargin=\skip50

For additional information on amsmath, use the `?' option.
(/usr/share/texlive/texmf-dist/tex/latex/amsmath/amstext.sty
Package: amstext 2021/08/26 v2.01 AMS text
 (/usr/share/texlive/texmf-dist/tex/latex/amsmath/amsgen.sty
File: amsgen.sty 1999/11/30 v2.0 generic functions
\@emptytoks=\toks32
\ex@=\dimen193
)) (/usr/share/texlive/texmf-dist/tex/latex/amsmath/amsbsy.sty
Package: amsbsy 1999/11/29 v1.2d Bold Symbols
\pmbraise@=\dimen194
) (/usr/share/texlive/texmf-dist/tex/latex/amsmath/amsopn.sty
Package: amsopn 2022/04/08 v2.04 operator names
)
\inf@bad=\count285
LaTeX Info: Redefining \frac on input line 234.
\uproot@=\count286
\leftroot@=\count287
LaTeX Info: Redefining \overline on input line 399.
LaTeX Info: Redefining \colon on input line 410.
\classnum@=\count288
\DOTSCASE@=\count289
LaTeX Info: Redefining \ldots on input line 496.
LaTeX Info: Redefining \dots on input line 499.
LaTeX Info: Redefining \cdots on input line 620.
\Mathstrutbox@=\box63
\strutbox@=\box64
LaTeX Info: Redefining \big on input line 722.
LaTeX Info: Redefining \Big on input line 723.
LaTeX Info: Redefining \bigg on input line 724.
LaTeX Info: Redefining \Bigg on input line 725.
\big@size=\dimen195
LaTeX Font Info:    Redeclaring font encoding OML on input line 743.
LaTeX Font Info:    Redeclaring font encoding OMS on input line 744.
\macc@depth=\count290
LaTeX Info: Redefining \bmod on input line 905.
LaTeX Info: Redefining \pmod on input line 910.
LaTeX Info: Redefining \smash on input line 940.
LaTeX Info: Redefining \relbar on input line 970.
LaTeX Info: Redefining \Relbar on input line 971.
\c@MaxMatrixCols=\count291
\dotsspace@=\muskip16
\c@parentequation=\count292
\dspbrk@lvl=\count293
\tag@help=\toks33
\row@=\count294
\column@=\count295
\maxfields@=\count296
\andhelp@=\toks34
\eqnshift@=\dimen196
\alignsep@=\dimen197
\tagshift@=\dimen198
\tagwidth@=\dimen199
\totwidth@=\dimen256
\lineht@=\dimen257
\@envbody=\toks35
\multlinegap=\skip51
\multlinetaggap=\skip52
\mathdisplay@stack=\toks36
LaTeX Info: Redefining \[ on input line 2953.
LaTeX Info: Redefining \] on input line 2954.
) (/usr/share/texlive/texmf-dist/tex/latex/amscls/amsthm.sty
Package: amsthm 2020/05/29 v2.20.6
\thm@style=\toks37
\thm@bodyfont=\toks38
\thm@headfont=\toks39
\thm@notefont=\toks40
\thm@headpunct=\toks41
\thm@preskip=\skip53
\thm@postskip=\skip54
\thm@headsep=\skip55
\dth@everypar=\toks42
) (/usr/share/texlive/texmf-dist/tex/latex/mathtools/mathtools.sty
Package: mathtools 2022/06/29 v1.29 mathematical typesetting tools
 (/usr/share/texlive/texmf-dist/tex/latex/tools/calc.sty
Package: calc 2023/07/08 v4.3 Infix arithmetic (KKT,FJ)
\calc@Acount=\count297
\calc@Bcount=\count298
\calc@Adimen=\dimen258
\calc@Bdimen=\dimen259
\calc@Askip=\skip56
\calc@Bskip=\skip57
LaTeX Info: Redefining \setlength on input line 80.
LaTeX Info: Redefining \addtolength on input line 81.
\calc@Ccount=\count299
\calc@Cskip=\skip58
) (/usr/share/texlive/texmf-dist/tex/latex/mathtools/mhsetup.sty
Package: mhsetup 2021/03/18 v1.4 programming setup (MH)
)
\g_MT_multlinerow_int=\count300
\l_MT_multwidth_dim=\dimen260
\origjot=\skip59
\l_MT_shortvdotswithinadjustabove_dim=\dimen261
\l_MT_shortvdotswithinadjustbelow_dim=\dimen262
\l_MT_above_intertext_sep=\dimen263
\l_MT_below_intertext_sep=\dimen264
\l_MT_above_shortintertext_sep=\dimen265
\l_MT_below_shortintertext_sep=\dimen266
\xmathstrut@box=\box65
\xmathstrut@dim=\dimen267
) (/usr/share/texlive/texmf-dist/tex/latex/hyperref/hyperref.sty
Package: hyperref 2024-01-20 v7.01h Hypertext links for LaTeX
 (/usr/share/texlive/texmf-dist/tex/latex/kvsetkeys/kvsetkeys.sty
Package: kvsetkeys 2022-10-05 v1.19 Key value parser (HO)
) (/usr/share/texlive/texmf-dist/tex/generic/kvdefinekeys/kvdefinekeys.sty
Package: kvdefinekeys 2019-12-19 v1.6 Define keys (HO)
) (/usr/share/texlive/texmf-dist/tex/generic/pdfescape/pdfescape.sty
Package: pdfescape 2019/12/09 v1.15 Implements pdfTeX's escape features (HO)
 (/usr/share/texlive/texmf-dist/tex/generic/ltxcmds/ltxcmds.sty
Package: ltxcmds 2023-12-04 v1.26 LaTeX kernel commands for general use (HO)
) (/usr/share/texlive/texmf-dist/tex/generic/pdftexcmds/pdftexcmds.sty
Package: pdftexcmds 2020-06-27 v0.33 Utility functions of pdfTeX for LuaTeX (HO)
 (/usr/share/texlive/texmf-dist/tex/generic/infwarerr/infwarerr.sty
Package: infwarerr 2019/12/03 v1.5 Providing info/warning/error messages (HO)
)
Package pdftexcmds Info: \pdf@primitive is available.
Package pdftexcmds Info: \pdf@ifprimitive is available.
Package pdftexcmds Info: \pdfdraftmode found.
)) (/usr/share/texlive/texmf-dist/tex/latex/hycolor/hycolor.sty
Package: hycolor 2020-01-27 v1.10 Color options for hyperref/bookmark (HO)
) (/usr/share/texlive/texmf-dist/tex/latex/auxhook/auxhook.sty
Package: auxhook 2019-12-17 v1.6 Hooks for auxiliary files (HO)
) (/usr/share/texlive/texmf-dist/tex/latex/hyperref/nameref.sty
Package: nameref 2023-11-26 v2.56 Cross-referencing by name of section
 (/usr/share/texlive/texmf-dist/tex/latex/refcount/refcount.sty
Package: refcount 2019/12/15 v3.6 Data extraction from label references (HO)
) (/usr/share/texlive/texmf-dist/tex/generic/gettitlestring/gettitlestring.sty
Package: gettitlestring 2019/12/15 v1.6 Cleanup title references (HO)
 (/usr/share/texlive/texmf-dist/tex/latex/kvoptions/kvoptions.sty
Package: kvoptions 2022-06-15 v3.15 Key value format for package options (HO)
))
\c@section@level=\count301
) (/usr/share/texlive/texmf-dist/tex/latex/etoolbox/etoolbox.sty
Package: etoolbox 2020/10/05 v2.5k e-TeX tools for LaTeX (JAW)
\etb@tempcnta=\count302
)
\@linkdim=\dimen268
\Hy@linkcounter=\count303
\Hy@pagecounter=\count304
 (/usr/share/texlive/texmf-dist/tex/latex/hyperref/pd1enc.def
File: pd1enc.def 2024-01-20 v7.01h Hyperref: PDFDocEncoding definition (HO)
Now handling font encoding PD1 ...
... no UTF-8 mapping file for font encoding PD1
) (/usr/share/texlive/texmf-dist/tex/generic/intcalc/intcalc.sty
Package: intcalc 2019/12/15 v1.3 Expandable calculations with integers (HO)
)
\Hy@SavedSpaceFactor=\count305
 (/usr/share/texlive/texmf-dist/tex/latex/hyperref/puenc.def
File: puenc.def 2024-01-20 v7.01h Hyperref: PDF Unicode definition (HO)
Now handling font encoding PU ...
... no UTF-8 mapping file for font encoding PU
)
Package hyperref Info: Hyper figures OFF on input line 4179.
Package hyperref Info: Link nesting OFF on input line 4184.
Package hyperref Info: Hyper index ON on input line 4187.
Package hyperref Info: Plain pages OFF on input line 4194.
Package hyperref Info: Backreferencing OFF on input line 4199.
Package hyperref Info: Implicit mode ON; LaTeX internals redefined.
Package hyperref Info: Bookmarks ON on input line 4446.
\c@Hy@tempcnt=\count306
 (/usr/share/texlive/texmf-dist/tex/latex/url/url.sty
\Urlmuskip=\muskip17
Package: url 2013/09/16  ver 3.4  Verb mode for urls, etc.
)
LaTeX Info: Redefining \url on input line 4784.
\XeTeXLinkMargin=\dimen269
 (/usr/share/texlive/texmf-dist/tex/generic/bitset/bitset.sty
Package: bitset 2019/12/09 v1.3 Handle bit-vector datatype (HO)
 (/usr/share/texlive/texmf-dist/tex/generic/bigintcalc/bigintcalc.sty
Package: bigintcalc 2019/12/15 v1.5 Expandable calculations on big integers (HO)
))
\Fld@menulength=\count307
\Field@Width=\dimen270
\Fld@charsize=\dimen271
Package hyperref Info: Hyper figures OFF on input line 6063.
Package hyperref Info: Link nesting OFF on input line 6068.
Package hyperref Info: Hyper index ON on input line 6071.
Package hyperref Info: backreferencing OFF on input line 6078.
Package hyperref Info: Link coloring OFF on input line 6083.
Package hyperref Info: Link coloring with OCG OFF on input line 6088.
Package hyperref Info: PDF/A mode OFF on input line 6093.
 (/usr/share/texlive/texmf-dist/tex/latex/base/atbegshi-ltx.sty
Package: atbegshi-ltx 2021/01/10 v1.0c Emulation of the original atbegshi
package with kernel methods
)
\Hy@abspage=\count308
\c@Item=\count309
\c@Hfootnote=\count310
)
Package hyperref Info: Driver (autodetected): hpdftex.
 (/usr/share/texlive/texmf-dist/tex/latex/hyperref/hpdftex.def
File: hpdftex.def 2024-01-20 v7.01h Hyperref driver for pdfTeX
 (/usr/share/texlive/texmf-dist/tex/latex/base/atveryend-ltx.sty
Package: atveryend-ltx 2020/08/19 v1.0a Emulation of the original atveryend package
with kernel methods
)
\Fld@listcount=\count311
\c@bookmark@seq@number=\count312
 (/usr/share/texlive/texmf-dist/tex/latex/rerunfilecheck/rerunfilecheck.sty
Package: rerunfilecheck 2022-07-10 v1.10 Rerun checks for auxiliary files (HO)
 (/usr/share/texlive/texmf-dist/tex/generic/uniquecounter/uniquecounter.sty
Package: uniquecounter 2019/12/15 v1.4 Provide unlimited unique counter (HO)
)
Package uniquecounter Info: New unique counter `rerunfilecheck' on input line 285.
)
\Hy@SectionHShift=\skip60
) (/usr/share/texlive/texmf-dist/tex/latex/tools/enumerate.sty
Package: enumerate 2023/07/04 v3.00 enumerate extensions (DPC)
\@enLab=\toks43
) (/usr/share/texlive/texmf-dist/tex/latex/subfig/subfig.sty
Package: subfig 2005/06/28 ver: 1.3 subfig package
 (/usr/share/texlive/texmf-dist/tex/latex/caption/caption.sty
Package: caption 2023/08/05 v3.6o Customizing captions (AR)
 (/usr/share/texlive/texmf-dist/tex/latex/caption/caption3.sty
Package: caption3 2023/07/31 v2.4d caption3 kernel (AR)
\caption@tempdima=\dimen272
\captionmargin=\dimen273
\caption@leftmargin=\dimen274
\caption@rightmargin=\dimen275
\caption@width=\dimen276
\caption@indent=\dimen277
\caption@parindent=\dimen278
\caption@hangindent=\dimen279
Package caption Info: Standard document class detected.
)
\c@caption@flags=\count313
\c@continuedfloat=\count314
Package caption Info: hyperref package is loaded.
)
\c@KVtest=\count315
\sf@farskip=\skip61
\sf@captopadj=\dimen280
\sf@capskip=\skip62
\sf@nearskip=\skip63
\c@subfigure=\count316
\c@subfigure@save=\count317
\c@lofdepth=\count318
\c@subtable=\count319
\c@subtable@save=\count320
\c@lotdepth=\count321
\sf@top=\skip64
\sf@bottom=\skip65
) (/usr/share/texlive/texmf-dist/tex/latex/enumitem/enumitem.sty
Package: enumitem 2019/06/20 v3.9 Customized lists
\enitkv@toks@=\toks44
\labelindent=\skip66
\enit@outerparindent=\dimen281
\enit@toks=\toks45
\enit@inbox=\box66
\enit@count@id=\count322
\enitdp@description=\count323
) (/usr/share/texlive/texmf-dist/tex/latex/todonotes/todonotes.sty
Package: todonotes 2024/01/05 v1.1.7 Todonotes source and documentation.
Package: todonotes 2024/01/05
 (/usr/share/texlive/texmf-dist/tex/latex/base/ifthen.sty
Package: ifthen 2022/04/13 v1.1d Standard LaTeX ifthen package (DPC)
) (/usr/share/texlive/texmf-dist/tex/generic/pgf/frontendlayer/tikz/libraries/tikzlibrarypositioning.code.tex
File: tikzlibrarypositioning.code.tex 2023-01-15 v3.1.10 (3.1.10)
)
\c@@todonotes@numberoftodonotes=\count324
) (/usr/share/texlive/texmf-dist/tex/latex/booktabs/booktabs.sty
Package: booktabs 2020/01/12 v1.61803398 Publication quality tables
\heavyrulewidth=\dimen282
\lightrulewidth=\dimen283
\cmidrulewidth=\dimen284
\belowrulesep=\dimen285
\belowbottomsep=\dimen286
\aboverulesep=\dimen287
\abovetopsep=\dimen288
\cmidrulesep=\dimen289
\cmidrulekern=\dimen290
\defaultaddspace=\dimen291
\@cmidla=\count325
\@cmidlb=\count326
\@aboverulesep=\dimen292
\@belowrulesep=\dimen293
\@thisruleclass=\count327
\@lastruleclass=\count328
\@thisrulewidth=\dimen294
) (/usr/share/texlive/texmf-dist/tex/latex/algorithm2e/algorithm2e.sty
Package: algorithm2e 2017/07/18 v5.2 algorithms environments
\c@AlgoLine=\count329
\algocf@hangindent=\skip67
 (/usr/share/texlive/texmf-dist/tex/latex/ifoddpage/ifoddpage.sty
Package: ifoddpage 2022/10/18 v1.2 Conditionals for odd/even page detection
\c@checkoddpage=\count330
) (/usr/share/texlive/texmf-dist/tex/latex/tools/xspace.sty
Package: xspace 2014/10/28 v1.13 Space after command names (DPC,MH)
) (/usr/share/texlive/texmf-dist/tex/latex/relsize/relsize.sty
Package: relsize 2013/03/29 ver 4.1
)
\skiptotal=\skip68
\skiplinenumber=\skip69
\skiprule=\skip70
\skiphlne=\skip71
\skiptext=\skip72
\skiplength=\skip73
\algomargin=\skip74
\skipalgocfslide=\skip75
\algowidth=\dimen295
\inoutsize=\dimen296
\inoutindent=\dimen297
\interspacetitleruled=\dimen298
\interspacealgoruled=\dimen299
\interspacetitleboxruled=\dimen300
\algocf@ruledwidth=\skip76
\algocf@inoutbox=\box67
\algocf@inputbox=\box68
\AlCapSkip=\skip77
\AlCapHSkip=\skip78
\algoskipindent=\skip79
\algocf@nlbox=\box69
\algocf@hangingbox=\box70
\algocf@untilbox=\box71
\algocf@skipuntil=\skip80
\algocf@capbox=\box72
\algocf@lcaptionbox=\skip81
\algoheightruledefault=\skip82
\algoheightrule=\skip83
\algotitleheightruledefault=\skip84
\algotitleheightrule=\skip85
\c@algocfline=\count331
\c@algocfproc=\count332
\c@algocf=\count333
\algocf@algoframe=\box73
\algocf@algobox=\box74
) (/usr/share/texlive/texmf-dist/tex/latex/cleveref/cleveref.sty
Package: cleveref 2018/03/27 v0.21.4 Intelligent cross-referencing
Package cleveref Info: `hyperref' support loaded on input line 2370.
LaTeX Info: Redefining \cref on input line 2370.
LaTeX Info: Redefining \Cref on input line 2370.
LaTeX Info: Redefining \crefrange on input line 2370.
LaTeX Info: Redefining \Crefrange on input line 2370.
LaTeX Info: Redefining \cpageref on input line 2370.
LaTeX Info: Redefining \Cpageref on input line 2370.
LaTeX Info: Redefining \cpagerefrange on input line 2370.
LaTeX Info: Redefining \Cpagerefrange on input line 2370.
LaTeX Info: Redefining \labelcref on input line 2370.
LaTeX Info: Redefining \labelcpageref on input line 2370.
Package cleveref Info: `amsthm' support loaded on input line 3026.
Package cleveref Info: `algorithm2e' support loaded on input line 3147.
Package cleveref Info: `subfig' support loaded on input line 3164.
Package cleveref Info: always capitalise cross-reference names on input line 7830.
Package cleveref Info: always capitalise cross-reference names on input line 7852.
) (/usr/share/texlive/texmf-dist/tex/latex/placeins/placeins.sty
Package: placeins 2005/04/18  v 2.2
) (/usr/share/texlive/texmf-dist/tex/latex/tools/verbatim.sty
Package: verbatim 2023-11-06 v1.5v LaTeX2e package for verbatim enhancements
\every@verbatim=\toks46
\verbatim@line=\toks47
\verbatim@in@stream=\read3
) (/usr/share/texlive/texmf-dist/tex/latex/bbm-macros/bbm.sty
Package: bbm 1999/03/15 V 1.2 provides fonts for set symbols - TH
LaTeX Font Info:    Overwriting math alphabet `\mathbbm' in version `bold'
(Font)                  U/bbm/m/n --> U/bbm/bx/n on input line 33.
LaTeX Font Info:    Overwriting math alphabet `\mathbbmss' in version `bold'
(Font)                  U/bbmss/m/n --> U/bbmss/bx/n on input line 35.
)
\c@thm=\count334
\c@rmk=\count335
\c@exa=\count336
\c@assum=\count337
 (/usr/share/texlive/texmf-dist/tex/latex/pgfplots/pgfplots.sty (/usr/share/texlive/texmf-dist/tex/generic/pgfplots/pgfplots.revision.tex)
Package: pgfplots 2021/05/15 v1.18.1 Data Visualization (1.18.1)
 (/usr/share/texlive/texmf-dist/tex/generic/pgfplots/pgfplots.code.tex (/usr/share/texlive/texmf-dist/tex/generic/pgfplots/pgfplotscore.code.tex
\t@pgfplots@toka=\toks48
\t@pgfplots@tokb=\toks49
\t@pgfplots@tokc=\toks50
\pgfplots@tmpa=\dimen301
\c@pgfplots@coordindex=\count338
\c@pgfplots@scanlineindex=\count339
 (/usr/share/texlive/texmf-dist/tex/generic/pgfplots/sys/pgfplotssysgeneric.code.tex)) (/usr/share/texlive/texmf-dist/tex/generic/pgfplots/libs/pgfplotslibrary.code.tex) (/usr/share/texlive/texmf-dist/tex/generic/pgfplots/oldpgfcompatib/pgfplotsoldpgfsupp_loader.code.tex (/usr/share/texlive/texmf-dist/tex/generic/pgf/libraries/pgflibraryfpu.code.tex)
Package pgfplots: loading complementary utilities for your pgf version...
\t@pgf@toka=\toks51
\t@pgf@tokb=\toks52
\t@pgf@tokc=\toks53
(/usr/share/texlive/texmf-dist/tex/generic/pgfplots/oldpgfcompatib/pgfplotsoldpgfsupp_pgfutil-common-lists.tex)) (/usr/share/texlive/texmf-dist/tex/generic/pgfplots/util/pgfplotsutil.code.tex (/usr/share/texlive/texmf-dist/tex/generic/pgfplots/liststructure/pgfplotsliststructure.code.tex) (/usr/share/texlive/texmf-dist/tex/generic/pgfplots/liststructure/pgfplotsliststructureext.code.tex) (/usr/share/texlive/texmf-dist/tex/generic/pgfplots/liststructure/pgfplotsarray.code.tex
\c@pgfplotsarray@tmp=\count340
) (/usr/share/texlive/texmf-dist/tex/generic/pgfplots/liststructure/pgfplotsmatrix.code.tex) (/usr/share/texlive/texmf-dist/tex/generic/pgfplots/numtable/pgfplotstableshared.code.tex
\c@pgfplotstable@counta=\count341
\t@pgfplotstable@a=\toks54
) (/usr/share/texlive/texmf-dist/tex/generic/pgfplots/liststructure/pgfplotsdeque.code.tex) (/usr/share/texlive/texmf-dist/tex/generic/pgfplots/util/pgfplotsbinary.code.tex (/usr/share/texlive/texmf-dist/tex/generic/pgfplots/util/pgfplotsbinary.data.code.tex)) (/usr/share/texlive/texmf-dist/tex/generic/pgfplots/util/pgfplotsutil.verb.code.tex) (/usr/share/texlive/texmf-dist/tex/generic/pgfplots/libs/pgflibrarypgfplots.surfshading.code.tex
\c@pgfplotslibrarysurf@no=\count342
 (/usr/share/texlive/texmf-dist/tex/generic/pgfplots/sys/pgflibrarypgfplots.surfshading.pgfsys-pdftex.def))) (/usr/share/texlive/texmf-dist/tex/generic/pgfplots/util/pgfplotscolormap.code.tex (/usr/share/texlive/texmf-dist/tex/generic/pgfplots/util/pgfplotscolor.code.tex)) (/usr/share/texlive/texmf-dist/tex/generic/pgfplots/pgfplotsstackedplots.code.tex) (/usr/share/texlive/texmf-dist/tex/generic/pgfplots/pgfplotsplothandlers.code.tex (/usr/share/texlive/texmf-dist/tex/generic/pgfplots/pgfplotsmeshplothandler.code.tex (/usr/share/texlive/texmf-dist/tex/generic/pgfplots/pgfplotsmeshplotimage.code.tex))) (/usr/share/texlive/texmf-dist/tex/generic/pgfplots/pgfplots.scaling.code.tex) (/usr/share/texlive/texmf-dist/tex/generic/pgfplots/pgfplotscoordprocessing.code.tex) (/usr/share/texlive/texmf-dist/tex/generic/pgfplots/pgfplots.errorbars.code.tex) (/usr/share/texlive/texmf-dist/tex/generic/pgfplots/pgfplots.markers.code.tex) (/usr/share/texlive/texmf-dist/tex/generic/pgfplots/pgfplotsticks.code.tex) (/usr/share/texlive/texmf-dist/tex/generic/pgfplots/pgfplots.paths.code.tex) (/usr/share/texlive/texmf-dist/tex/generic/pgf/frontendlayer/tikz/libraries/tikzlibrarydecorations.code.tex (/usr/share/texlive/texmf-dist/tex/generic/pgf/modules/pgfmoduledecorations.code.tex
\pgfdecoratedcompleteddistance=\dimen302
\pgfdecoratedremainingdistance=\dimen303
\pgfdecoratedinputsegmentcompleteddistance=\dimen304
\pgfdecoratedinputsegmentremainingdistance=\dimen305
\pgf@decorate@distancetomove=\dimen306
\pgf@decorate@repeatstate=\count343
\pgfdecorationsegmentamplitude=\dimen307
\pgfdecorationsegmentlength=\dimen308
)
\tikz@lib@dec@box=\box75
) (/usr/share/texlive/texmf-dist/tex/generic/pgf/frontendlayer/tikz/libraries/tikzlibrarydecorations.pathmorphing.code.tex (/usr/share/texlive/texmf-dist/tex/generic/pgf/libraries/decorations/pgflibrarydecorations.pathmorphing.code.tex)) (/usr/share/texlive/texmf-dist/tex/generic/pgf/frontendlayer/tikz/libraries/tikzlibrarydecorations.pathreplacing.code.tex (/usr/share/texlive/texmf-dist/tex/generic/pgf/libraries/decorations/pgflibrarydecorations.pathreplacing.code.tex)) (/usr/share/texlive/texmf-dist/tex/generic/pgfplots/libs/tikzlibrarypgfplots.contourlua.code.tex)
\pgfplots@numplots=\count344
\pgfplots@xmin@reg=\dimen309
\pgfplots@xmax@reg=\dimen310
\pgfplots@ymin@reg=\dimen311
\pgfplots@ymax@reg=\dimen312
\pgfplots@zmin@reg=\dimen313
\pgfplots@zmax@reg=\dimen314
) (/usr/share/texlive/texmf-dist/tex/generic/pgf/frontendlayer/tikz/libraries/tikzlibraryplotmarks.code.tex
File: tikzlibraryplotmarks.code.tex 2023-01-15 v3.1.10 (3.1.10)
 (/usr/share/texlive/texmf-dist/tex/generic/pgf/libraries/pgflibraryplotmarks.code.tex
File: pgflibraryplotmarks.code.tex 2023-01-15 v3.1.10 (3.1.10)
))) (/usr/share/texlive/texmf-dist/tex/latex/pgfplots/pgfplotstable.sty (/usr/share/texlive/texmf-dist/tex/generic/pgfplots/pgfplots.revision.tex)
Package: pgfplotstable 2021/05/15 v1.18.1 Table typesetting and Pretty-printing (1.18.1)
 (/usr/share/texlive/texmf-dist/tex/generic/pgfplots/numtable/pgfplotstable.code.tex (/usr/share/texlive/texmf-dist/tex/generic/pgfplots/numtable/pgfplotstable.coltype.code.tex)) (/usr/share/texlive/texmf-dist/tex/latex/tools/array.sty
Package: array 2023/10/16 v2.5g Tabular extension package (FMi)
\col@sep=\dimen315
\ar@mcellbox=\box76
\extrarowheight=\dimen316
\NC@list=\toks55
\extratabsurround=\skip86
\backup@length=\skip87
\ar@cellbox=\box77
)) (/usr/share/texlive/texmf-dist/tex/generic/pgfplots/libs/pgflibrarypgfplots.colorbrewer.code.tex (/usr/share/texlive/texmf-dist/tex/generic/pgfplots/libs/tikzlibrarycolorbrewer.code.tex)) (/usr/share/texlive/texmf-dist/tex/generic/pgfplots/libs/tikzlibrarypgfplots.groupplots.code.tex
\pgfplots@group@current@plot=\count345
\pgfplots@group@current@row=\count346
\pgfplots@group@current@column=\count347
 (/usr/share/texlive/texmf-dist/tex/generic/pgf/frontendlayer/tikz/libraries/tikzlibrarycalc.code.tex
File: tikzlibrarycalc.code.tex 2023-01-15 v3.1.10 (3.1.10)
)) (/usr/share/texlive/texmf-dist/tex/latex/l3backend/l3backend-pdftex.def
File: l3backend-pdftex.def 2024-01-04 L3 backend support: PDF output (pdfTeX)
\l__color_backend_stack_int=\count348
\l__pdf_internal_box=\box78
) (./2DcontrastSimple.aux)
\openout1 = `2DcontrastSimple.aux'.

LaTeX Font Info:    Checking defaults for OML/cmm/m/it on input line 243.
LaTeX Font Info:    ... okay on input line 243.
LaTeX Font Info:    Checking defaults for OMS/cmsy/m/n on input line 243.
LaTeX Font Info:    ... okay on input line 243.
LaTeX Font Info:    Checking defaults for OT1/cmr/m/n on input line 243.
LaTeX Font Info:    ... okay on input line 243.
LaTeX Font Info:    Checking defaults for T1/cmr/m/n on input line 243.
LaTeX Font Info:    ... okay on input line 243.
LaTeX Font Info:    Checking defaults for TS1/cmr/m/n on input line 243.
LaTeX Font Info:    ... okay on input line 243.
LaTeX Font Info:    Checking defaults for OMX/cmex/m/n on input line 243.
LaTeX Font Info:    ... okay on input line 243.
LaTeX Font Info:    Checking defaults for U/cmr/m/n on input line 243.
LaTeX Font Info:    ... okay on input line 243.
LaTeX Font Info:    Checking defaults for PD1/pdf/m/n on input line 243.
LaTeX Font Info:    ... okay on input line 243.
LaTeX Font Info:    Checking defaults for PU/pdf/m/n on input line 243.
LaTeX Font Info:    ... okay on input line 243.
 (/usr/share/texlive/texmf-dist/tex/context/base/mkii/supp-pdf.mkii
[Loading MPS to PDF converter (version 2006.09.02).]
\scratchcounter=\count349
\scratchdimen=\dimen317
\scratchbox=\box79
\nofMPsegments=\count350
\nofMParguments=\count351
\everyMPshowfont=\toks56
\MPscratchCnt=\count352
\MPscratchDim=\dimen318
\MPnumerator=\count353
\makeMPintoPDFobject=\count354
\everyMPtoPDFconversion=\toks57
) (/usr/share/texlive/texmf-dist/tex/latex/epstopdf-pkg/epstopdf-base.sty
Package: epstopdf-base 2020-01-24 v2.11 Base part for package epstopdf
Package epstopdf-base Info: Redefining graphics rule for `.eps' on input line 485.
 (/usr/share/texlive/texmf-dist/tex/latex/latexconfig/epstopdf-sys.cfg
File: epstopdf-sys.cfg 2010/07/13 v1.3 Configuration of (r)epstopdf for TeX Live
))
Package hyperref Info: Link coloring OFF on input line 243.
 (./2DcontrastSimple.out) (./2DcontrastSimple.out)
\@outlinefile=\write4
\openout4 = `2DcontrastSimple.out'.

Package caption Info: Begin \AtBeginDocument code.
Package caption Info: subfig package v1.3 is loaded.
Package caption Info: End \AtBeginDocument code.


Package todonotes Warning: The length marginparwidth is less than 2cm and will most likely cause issues with the appearance of inserted todonotes. The issue can be solved by adding a line like \setlength {\marginparwidth }{2cm} prior to loading the todonotes package. on input line 243.

Package pgfplots notification 'compat/show suggested version=true': document has been generated with the most recent feature set (\pgfplotsset{compat=1.18}).

Package pgfplots info on input line 260: Using 'lua backend=false' for axis: ymode=log unsupported (yet).
PGFPlots: reading {../data/2D_errors_simpleRefsolFull.csv}
NOTE: coordinate (1,0.5115569775576925) has been dropped because it is unbounded (in x). (see also unbounded coords=jump). 
NOTE: coordinate (2,0.13575401930352496) has been dropped because it is unbounded (in x). (see also unbounded coords=jump). 
NOTE: coordinate (3,0.03436429445453869) has been dropped because it is unbounded (in x). (see also unbounded coords=jump). 
NOTE: coordinate (4,0.008030027765747858) has been dropped because it is unbounded (in x). (see also unbounded coords=jump). 
NOTE: coordinate (1,1.7245800715687976) has been dropped because it is unbounded (in x). (see also unbounded coords=jump). 
NOTE: coordinate (2,0.5231707571465569) has been dropped because it is unbounded (in x). (see also unbounded coords=jump). 
NOTE: coordinate (3,0.14048828984034023) has been dropped because it is unbounded (in x). (see also unbounded coords=jump). 
NOTE: coordinate (4,0.030318778173869007) has been dropped because it is unbounded (in x). (see also unbounded coords=jump). 
NOTE: coordinate (1,4.0065080066254435) has been dropped because it is unbounded (in x). (see also unbounded coords=jump). 
NOTE: coordinate (2,1.1847002584773427) has been dropped because it is unbounded (in x). (see also unbounded coords=jump). 
NOTE: coordinate (3,0.35689608410353785) has been dropped because it is unbounded (in x). (see also unbounded coords=jump). 
NOTE: coordinate (4,0.0871448606275829) has been dropped because it is unbounded (in x). (see also unbounded coords=jump). 
NOTE: coordinate (1,0.10019183738002814) has been dropped because it is unbounded (in x). (see also unbounded coords=jump). 
NOTE: coordinate (2,0.011492395930962032) has been dropped because it is unbounded (in x). (see also unbounded coords=jump). 
NOTE: coordinate (3,0.001239159288360737) has been dropped because it is unbounded (in x). (see also unbounded coords=jump). 
NOTE: coordinate (4,0.00014824577355326577) has been dropped because it is unbounded (in x). (see also unbounded coords=jump). 
NOTE: coordinate (1,0.4280372711675394) has been dropped because it is unbounded (in x). (see also unbounded coords=jump). 
NOTE: coordinate (2,0.05497985748513223) has been dropped because it is unbounded (in x). (see also unbounded coords=jump). 
NOTE: coordinate (3,0.006385606900958962) has been dropped because it is unbounded (in x). (see also unbounded coords=jump). 
NOTE: coordinate (4,0.0007867025796130604) has been dropped because it is unbounded (in x). (see also unbounded coords=jump). 
NOTE: coordinate (1,1.3306699785353484) has been dropped because it is unbounded (in x). (see also unbounded coords=jump). 
NOTE: coordinate (2,0.17667650211496674) has been dropped because it is unbounded (in x). (see also unbounded coords=jump). 
NOTE: coordinate (3,0.021402710296097832) has been dropped because it is unbounded (in x). (see also unbounded coords=jump). 
NOTE: coordinate (4,0.002700810526185849) has been dropped because it is unbounded (in x). (see also unbounded coords=jump). 
NOTE: coordinate (1,3.0818210504981374) has been dropped because it is unbounded (in x). (see also unbounded coords=jump). 
NOTE: coordinate (2,0.5231270683176028) has been dropped because it is unbounded (in x). (see also unbounded coords=jump). 
NOTE: coordinate (3,0.06539266876908449) has been dropped because it is unbounded (in x). (see also unbounded coords=jump). 
NOTE: coordinate (4,0.007764793675229931) has been dropped because it is unbounded (in x). (see also unbounded coords=jump). 
PGFPlots: reading {../data/2D_errors_simpleRefsolFull.csv}
NOTE: coordinate (1,0.5115569775576925) has been dropped because it is unbounded (in x). (see also unbounded coords=jump). 
NOTE: coordinate (2,0.13575401930352496) has been dropped because it is unbounded (in x). (see also unbounded coords=jump). 
NOTE: coordinate (3,0.03436429445453869) has been dropped because it is unbounded (in x). (see also unbounded coords=jump). 
NOTE: coordinate (4,0.008030027765747858) has been dropped because it is unbounded (in x). (see also unbounded coords=jump). 
NOTE: coordinate (1,1.7245800715687976) has been dropped because it is unbounded (in x). (see also unbounded coords=jump). 
NOTE: coordinate (2,0.5231707571465569) has been dropped because it is unbounded (in x). (see also unbounded coords=jump). 
NOTE: coordinate (3,0.14048828984034023) has been dropped because it is unbounded (in x). (see also unbounded coords=jump). 
NOTE: coordinate (4,0.030318778173869007) has been dropped because it is unbounded (in x). (see also unbounded coords=jump). 
NOTE: coordinate (1,4.0065080066254435) has been dropped because it is unbounded (in x). (see also unbounded coords=jump). 
NOTE: coordinate (2,1.1847002584773427) has been dropped because it is unbounded (in x). (see also unbounded coords=jump). 
NOTE: coordinate (3,0.35689608410353785) has been dropped because it is unbounded (in x). (see also unbounded coords=jump). 
NOTE: coordinate (4,0.0871448606275829) has been dropped because it is unbounded (in x). (see also unbounded coords=jump). 
NOTE: coordinate (1,7.900127901659601) has been dropped because it is unbounded (in x). (see also unbounded coords=jump). 
NOTE: coordinate (2,2.9803741232358942) has been dropped because it is unbounded (in x). (see also unbounded coords=jump). 
NOTE: coordinate (3,1.0891994718101967) has been dropped because it is unbounded (in x). (see also unbounded coords=jump). 
NOTE: coordinate (4,0.24486756970911233) has been dropped because it is unbounded (in x). (see also unbounded coords=jump). 
NOTE: coordinate (1,0.10019183738002814) has been dropped because it is unbounded (in x). (see also unbounded coords=jump). 
NOTE: coordinate (2,0.011492395930962032) has been dropped because it is unbounded (in x). (see also unbounded coords=jump). 
NOTE: coordinate (3,0.001239159288360737) has been dropped because it is unbounded (in x). (see also unbounded coords=jump). 
NOTE: coordinate (4,0.00014824577355326577) has been dropped because it is unbounded (in x). (see also unbounded coords=jump). 
NOTE: coordinate (1,0.4280372711675394) has been dropped because it is unbounded (in x). (see also unbounded coords=jump). 
NOTE: coordinate (2,0.05497985748513223) has been dropped because it is unbounded (in x). (see also unbounded coords=jump). 
NOTE: coordinate (3,0.006385606900958962) has been dropped because it is unbounded (in x). (see also unbounded coords=jump). 
NOTE: coordinate (4,0.0007867025796130604) has been dropped because it is unbounded (in x). (see also unbounded coords=jump). 
NOTE: coordinate (1,1.3306699785353484) has been dropped because it is unbounded (in x). (see also unbounded coords=jump). 
NOTE: coordinate (2,0.17667650211496674) has been dropped because it is unbounded (in x). (see also unbounded coords=jump). 
NOTE: coordinate (3,0.021402710296097832) has been dropped because it is unbounded (in x). (see also unbounded coords=jump). 
NOTE: coordinate (4,0.002700810526185849) has been dropped because it is unbounded (in x). (see also unbounded coords=jump). 
PGFPlots: reading {../data/2D_errors_simpleRefsolFull.csv}
NOTE: coordinate (1,0.04354257224198821) has been dropped because it is unbounded (in x). (see also unbounded coords=jump). 
NOTE: coordinate (2,0.008431617023104184) has been dropped because it is unbounded (in x). (see also unbounded coords=jump). 
NOTE: coordinate (3,0.0016189220135260135) has been dropped because it is unbounded (in x). (see also unbounded coords=jump). 
NOTE: coordinate (4,0.00021107964927970948) has been dropped because it is unbounded (in x). (see also unbounded coords=jump). 
NOTE: coordinate (1,0.13476889149609536) has been dropped because it is unbounded (in x). (see also unbounded coords=jump). 
NOTE: coordinate (2,0.03481899628604294) has been dropped because it is unbounded (in x). (see also unbounded coords=jump). 
NOTE: coordinate (3,0.009062203461467277) has been dropped because it is unbounded (in x). (see also unbounded coords=jump). 
NOTE: coordinate (4,0.0012806252646034458) has been dropped because it is unbounded (in x). (see also unbounded coords=jump). 
NOTE: coordinate (1,0.2662679715761122) has been dropped because it is unbounded (in x). (see also unbounded coords=jump). 
NOTE: coordinate (2,0.060355363235487604) has been dropped because it is unbounded (in x). (see also unbounded coords=jump). 
NOTE: coordinate (3,0.020652283797035594) has been dropped because it is unbounded (in x). (see also unbounded coords=jump). 
NOTE: coordinate (4,0.004904610233766345) has been dropped because it is unbounded (in x). (see also unbounded coords=jump). 
NOTE: coordinate (1,0.009611013417300364) has been dropped because it is unbounded (in x). (see also unbounded coords=jump). 
NOTE: coordinate (2,0.0006867076317428566) has been dropped because it is unbounded (in x). (see also unbounded coords=jump). 
NOTE: coordinate (3,3.6012293414536246e-05) has been dropped because it is unbounded (in x). (see also unbounded coords=jump). 
NOTE: coordinate (4,1.916167375983678e-06) has been dropped because it is unbounded (in x). (see also unbounded coords=jump). 
NOTE: coordinate (1,0.028623560237625745) has been dropped because it is unbounded (in x). (see also unbounded coords=jump). 
NOTE: coordinate (2,0.0023660598438246592) has been dropped because it is unbounded (in x). (see also unbounded coords=jump). 
NOTE: coordinate (3,0.00017490285040209537) has been dropped because it is unbounded (in x). (see also unbounded coords=jump). 
NOTE: coordinate (4,9.16855671214934e-06) has been dropped because it is unbounded (in x). (see also unbounded coords=jump). 
NOTE: coordinate (1,0.07078545463962145) has been dropped because it is unbounded (in x). (see also unbounded coords=jump). 
NOTE: coordinate (2,0.00680262310292289) has been dropped because it is unbounded (in x). (see also unbounded coords=jump). 
NOTE: coordinate (3,0.0004335122234218949) has been dropped because it is unbounded (in x). (see also unbounded coords=jump). 
NOTE: coordinate (4,2.3536155156926633e-05) has been dropped because it is unbounded (in x). (see also unbounded coords=jump). 
NOTE: coordinate (1,0.15630968064412418) has been dropped because it is unbounded (in x). (see also unbounded coords=jump). 
NOTE: coordinate (2,0.030343049090112352) has been dropped because it is unbounded (in x). (see also unbounded coords=jump). 
NOTE: coordinate (3,0.0023509088251049658) has been dropped because it is unbounded (in x). (see also unbounded coords=jump). 
NOTE: coordinate (4,0.00010724497128848706) has been dropped because it is unbounded (in x). (see also unbounded coords=jump). 
PGFPlots: reading {../data/2D_errors_simpleRefsolFull.csv}
NOTE: coordinate (1,0.04354257224198821) has been dropped because it is unbounded (in x). (see also unbounded coords=jump). 
NOTE: coordinate (2,0.008431617023104184) has been dropped because it is unbounded (in x). (see also unbounded coords=jump). 
NOTE: coordinate (3,0.0016189220135260135) has been dropped because it is unbounded (in x). (see also unbounded coords=jump). 
NOTE: coordinate (4,0.00021107964927970948) has been dropped because it is unbounded (in x). (see also unbounded coords=jump). 
NOTE: coordinate (1,0.13476889149609536) has been dropped because it is unbounded (in x). (see also unbounded coords=jump). 
NOTE: coordinate (2,0.03481899628604294) has been dropped because it is unbounded (in x). (see also unbounded coords=jump). 
NOTE: coordinate (3,0.009062203461467277) has been dropped because it is unbounded (in x). (see also unbounded coords=jump). 
NOTE: coordinate (4,0.0012806252646034458) has been dropped because it is unbounded (in x). (see also unbounded coords=jump). 
NOTE: coordinate (1,0.2662679715761122) has been dropped because it is unbounded (in x). (see also unbounded coords=jump). 
NOTE: coordinate (2,0.060355363235487604) has been dropped because it is unbounded (in x). (see also unbounded coords=jump). 
NOTE: coordinate (3,0.020652283797035594) has been dropped because it is unbounded (in x). (see also unbounded coords=jump). 
NOTE: coordinate (4,0.004904610233766345) has been dropped because it is unbounded (in x). (see also unbounded coords=jump). 
NOTE: coordinate (1,0.5668022782996789) has been dropped because it is unbounded (in x). (see also unbounded coords=jump). 
NOTE: coordinate (2,0.17416418109528425) has been dropped because it is unbounded (in x). (see also unbounded coords=jump). 
NOTE: coordinate (3,0.058986730580705436) has been dropped because it is unbounded (in x). (see also unbounded coords=jump). 
NOTE: coordinate (4,0.012821509701201633) has been dropped because it is unbounded (in x). (see also unbounded coords=jump). 
NOTE: coordinate (1,0.009611013417300364) has been dropped because it is unbounded (in x). (see also unbounded coords=jump). 
NOTE: coordinate (2,0.0006867076317428566) has been dropped because it is unbounded (in x). (see also unbounded coords=jump). 
NOTE: coordinate (3,3.6012293414536246e-05) has been dropped because it is unbounded (in x). (see also unbounded coords=jump). 
NOTE: coordinate (4,1.916167375983678e-06) has been dropped because it is unbounded (in x). (see also unbounded coords=jump). 
NOTE: coordinate (1,0.028623560237625745) has been dropped because it is unbounded (in x). (see also unbounded coords=jump). 
NOTE: coordinate (2,0.0023660598438246592) has been dropped because it is unbounded (in x). (see also unbounded coords=jump). 
NOTE: coordinate (3,0.00017490285040209537) has been dropped because it is unbounded (in x). (see also unbounded coords=jump). 
NOTE: coordinate (4,9.16855671214934e-06) has been dropped because it is unbounded (in x). (see also unbounded coords=jump). 
NOTE: coordinate (1,0.07078545463962145) has been dropped because it is unbounded (in x). (see also unbounded coords=jump). 
NOTE: coordinate (2,0.00680262310292289) has been dropped because it is unbounded (in x). (see also unbounded coords=jump). 
NOTE: coordinate (3,0.0004335122234218949) has been dropped because it is unbounded (in x). (see also unbounded coords=jump). 
NOTE: coordinate (4,2.3536155156926633e-05) has been dropped because it is unbounded (in x). (see also unbounded coords=jump). 
LaTeX Font Info:    Trying to load font information for U+stmry on input line 284.
(/usr/share/texlive/texmf-dist/tex/latex/stmaryrd/Ustmry.fd)
LaTeX Font Info:    Trying to load font information for U+msa on input line 284.
 (/usr/share/texlive/texmf-dist/tex/latex/amsfonts/umsa.fd
File: umsa.fd 2013/01/14 v3.01 AMS symbols A
)
LaTeX Font Info:    Trying to load font information for U+msb on input line 284.
 (/usr/share/texlive/texmf-dist/tex/latex/amsfonts/umsb.fd
File: umsb.fd 2013/01/14 v3.01 AMS symbols B
)
Package pgfplots info on input line 284: Using 'lua backend=false' for axis: ymode=log unsupported (yet).
PGFPlots: reading {../data/2D_errors_simpleRefsolFull.csv}

NOTE: coordinate (1.0,1Y1.06122e0]) has been dropped because it is unbounded (in x). (see also unbounded coords=jump). 
NOTE: coordinate (1.0,1Y1.06459e0]) has been dropped because it is unbounded (in x). (see also unbounded coords=jump). 
NOTE: coordinate (1.0,1Y1.06924e0]) has been dropped because it is unbounded (in x). (see also unbounded coords=jump). 
NOTE: coordinate (1.5,1Y1.12871e0]) has been dropped because it is unbounded (in x). (see also unbounded coords=jump). 
NOTE: coordinate (1.5,1Y1.19595e0]) has been dropped because it is unbounded (in x). (see also unbounded coords=jump). 
NOTE: coordinate (1.5,1Y1.25606e0]) has been dropped because it is unbounded (in x). (see also unbounded coords=jump). 
NOTE: coordinate (2.0,1Y1.12163e0]) has been dropped because it is unbounded (in x). (see also unbounded coords=jump). 
NOTE: coordinate (2.0,1Y1.16458e0]) has been dropped because it is unbounded (in x). (see also unbounded coords=jump). 
NOTE: coordinate (2.0,1Y1.35199e0]) has been dropped because it is unbounded (in x). (see also unbounded coords=jump). 
NOTE: coordinate (2.5,1Y1.18484e0]) has been dropped because it is unbounded (in x). (see also unbounded coords=jump). 
NOTE: coordinate (2.5,1Y1.53903e0]) has been dropped because it is unbounded (in x). (see also unbounded coords=jump). 
NOTE: coordinate (2.5,1Y2.127e0]) has been dropped because it is unbounded (in x). (see also unbounded coords=jump). 
NOTE: coordinate (1.0,1Y1.2059e0]) has been dropped because it is unbounded (in x). (see also unbounded coords=jump). 
NOTE: coordinate (1.0,1Y1.0656e0]) has been dropped because it is unbounded (in x). (see also unbounded coords=jump). 
NOTE: coordinate (1.0,1Y9.0681e-1]) has been dropped because it is unbounded (in x). (see also unbounded coords=jump). 
NOTE: coordinate (1.0,1Y8.6523e-1]) has been dropped because it is unbounded (in x). (see also unbounded coords=jump). 
NOTE: coordinate (1.5,1Y1.0655e0]) has been dropped because it is unbounded (in x). (see also unbounded coords=jump). 
NOTE: coordinate (1.5,1Y1.02968e0]) has been dropped because it is unbounded (in x). (see also unbounded coords=jump). 
NOTE: coordinate (1.5,1Y9.2857e-1]) has been dropped because it is unbounded (in x). (see also unbounded coords=jump). 
NOTE: coordinate (1.5,1Y9.0814e-1]) has been dropped because it is unbounded (in x). (see also unbounded coords=jump). 
NOTE: coordinate (2.0,1Y1.14192e0]) has been dropped because it is unbounded (in x). (see also unbounded coords=jump). 
NOTE: coordinate (2.0,1Y1.11072e0]) has been dropped because it is unbounded (in x). (see also unbounded coords=jump). 
NOTE: coordinate (2.0,1Y1.02834e0]) has been dropped because it is unbounded (in x). (see also unbounded coords=jump). 
NOTE: coordinate (2.0,1Y1.0227e0]) has been dropped because it is unbounded (in x). (see also unbounded coords=jump). 
NOTE: coordinate (2.5,1Y1.19388e0]) has been dropped because it is unbounded (in x). (see also unbounded coords=jump). 
NOTE: coordinate (2.5,1Y1.4714e0]) has been dropped because it is unbounded (in x). (see also unbounded coords=jump). 
NOTE: coordinate (2.5,1Y1.33177e0]) has been dropped because it is unbounded (in x). (see also unbounded coords=jump). 
NOTE: coordinate (2.5,1Y1.2346e0]) has been dropped because it is unbounded (in x). (see also unbounded coords=jump). 
PGFPlots: reading {../data/2D_errors_simpleRefsolFull.csv}
NOTE: coordinate (1.0,1Y1.06122e0]) has been dropped because it is unbounded (in x). (see also unbounded coords=jump). 
NOTE: coordinate (1.0,1Y1.06459e0]) has been dropped because it is unbounded (in x). (see also unbounded coords=jump). 
NOTE: coordinate (1.0,1Y1.06924e0]) has been dropped because it is unbounded (in x). (see also unbounded coords=jump). 
NOTE: coordinate (1.0,1Y9.9832e-1]) has been dropped because it is unbounded (in x). (see also unbounded coords=jump). 
NOTE: coordinate (1.5,1Y1.12871e0]) has been dropped because it is unbounded (in x). (see also unbounded coords=jump). 
NOTE: coordinate (1.5,1Y1.19595e0]) has been dropped because it is unbounded (in x). (see also unbounded coords=jump). 
NOTE: coordinate (1.5,1Y1.25606e0]) has been dropped because it is unbounded (in x). (see also unbounded coords=jump). 
NOTE: coordinate (1.5,1Y1.07841e0]) has been dropped because it is unbounded (in x). (see also unbounded coords=jump). 
NOTE: coordinate (2.0,1Y1.12163e0]) has been dropped because it is unbounded (in x). (see also unbounded coords=jump). 
NOTE: coordinate (2.0,1Y1.16458e0]) has been dropped because it is unbounded (in x). (see also unbounded coords=jump). 
NOTE: coordinate (2.0,1Y1.35199e0]) has been dropped because it is unbounded (in x). (see also unbounded coords=jump). 
NOTE: coordinate (2.0,1Y1.30922e0]) has been dropped because it is unbounded (in x). (see also unbounded coords=jump). 
NOTE: coordinate (2.5,1Y1.18484e0]) has been dropped because it is unbounded (in x). (see also unbounded coords=jump). 
NOTE: coordinate (2.5,1Y1.53903e0]) has been dropped because it is unbounded (in x). (see also unbounded coords=jump). 
NOTE: coordinate (2.5,1Y2.127e0]) has been dropped because it is unbounded (in x). (see also unbounded coords=jump). 
NOTE: coordinate (2.5,1Y1.88615e0]) has been dropped because it is unbounded (in x). (see also unbounded coords=jump). 
NOTE: coordinate (1.0,1Y1.2059e0]) has been dropped because it is unbounded (in x). (see also unbounded coords=jump). 
NOTE: coordinate (1.0,1Y1.0656e0]) has been dropped because it is unbounded (in x). (see also unbounded coords=jump). 
NOTE: coordinate (1.0,1Y9.0681e-1]) has been dropped because it is unbounded (in x). (see also unbounded coords=jump). 
NOTE: coordinate (1.5,1Y1.0655e0]) has been dropped because it is unbounded (in x). (see also unbounded coords=jump). 
NOTE: coordinate (1.5,1Y1.02968e0]) has been dropped because it is unbounded (in x). (see also unbounded coords=jump). 
NOTE: coordinate (1.5,1Y9.2857e-1]) has been dropped because it is unbounded (in x). (see also unbounded coords=jump). 
NOTE: coordinate (2.0,1Y1.14192e0]) has been dropped because it is unbounded (in x). (see also unbounded coords=jump). 
NOTE: coordinate (2.0,1Y1.11072e0]) has been dropped because it is unbounded (in x). (see also unbounded coords=jump). 
NOTE: coordinate (2.0,1Y1.02834e0]) has been dropped because it is unbounded (in x). (see also unbounded coords=jump). 
NOTE: coordinate (2.5,1Y1.19388e0]) has been dropped because it is unbounded (in x). (see also unbounded coords=jump). 
NOTE: coordinate (2.5,1Y1.4714e0]) has been dropped because it is unbounded (in x). (see also unbounded coords=jump). 
NOTE: coordinate (2.5,1Y1.33177e0]) has been dropped because it is unbounded (in x). (see also unbounded coords=jump). 
PGFPlots: reading {../data/2D_errors_simpleRefsolFull.csv}
NOTE: coordinate (1.0,1Y1.374e0]) has been dropped because it is unbounded (in x). (see also unbounded coords=jump). 
NOTE: coordinate (1.0,1Y1.65096e0]) has been dropped because it is unbounded (in x). (see also unbounded coords=jump). 
NOTE: coordinate (1.0,1Y2.3463e0]) has been dropped because it is unbounded (in x). (see also unbounded coords=jump). 
NOTE: coordinate (1.5,1Y1.4319e0]) has been dropped because it is unbounded (in x). (see also unbounded coords=jump). 
NOTE: coordinate (1.5,1Y2.18295e0]) has been dropped because it is unbounded (in x). (see also unbounded coords=jump). 
NOTE: coordinate (1.5,1Y4.03174e0]) has been dropped because it is unbounded (in x). (see also unbounded coords=jump). 
NOTE: coordinate (2.0,1Y1.17621e0]) has been dropped because it is unbounded (in x). (see also unbounded coords=jump). 
NOTE: coordinate (2.0,1Y1.9034e0]) has been dropped because it is unbounded (in x). (see also unbounded coords=jump). 
NOTE: coordinate (2.0,1Y4.0782e0]) has been dropped because it is unbounded (in x). (see also unbounded coords=jump). 
NOTE: coordinate (2.5,1Y1.43983e0]) has been dropped because it is unbounded (in x). (see also unbounded coords=jump). 
NOTE: coordinate (2.5,1Y3.4776e0]) has been dropped because it is unbounded (in x). (see also unbounded coords=jump). 
NOTE: coordinate (2.5,1Y7.1017e0]) has been dropped because it is unbounded (in x). (see also unbounded coords=jump). 
NOTE: coordinate (1.0,1Y1.8956e0]) has been dropped because it is unbounded (in x). (see also unbounded coords=jump). 
NOTE: coordinate (1.0,1Y2.70439e0]) has been dropped because it is unbounded (in x). (see also unbounded coords=jump). 
NOTE: coordinate (1.0,1Y2.24844e0]) has been dropped because it is unbounded (in x). (see also unbounded coords=jump). 
NOTE: coordinate (1.0,1Y1.91225e0]) has been dropped because it is unbounded (in x). (see also unbounded coords=jump). 
NOTE: coordinate (1.5,1Y9.1624e-1]) has been dropped because it is unbounded (in x). (see also unbounded coords=jump). 
NOTE: coordinate (1.5,1Y1.78636e0]) has been dropped because it is unbounded (in x). (see also unbounded coords=jump). 
NOTE: coordinate (1.5,1Y2.1562e0]) has been dropped because it is unbounded (in x). (see also unbounded coords=jump). 
NOTE: coordinate (1.5,1Y1.7791e0]) has been dropped because it is unbounded (in x). (see also unbounded coords=jump). 
NOTE: coordinate (2.0,1Y8.3328e-1]) has been dropped because it is unbounded (in x). (see also unbounded coords=jump). 
NOTE: coordinate (2.0,1Y1.33646e0]) has been dropped because it is unbounded (in x). (see also unbounded coords=jump). 
NOTE: coordinate (2.0,1Y1.73413e0]) has been dropped because it is unbounded (in x). (see also unbounded coords=jump). 
NOTE: coordinate (2.0,1Y1.47302e0]) has been dropped because it is unbounded (in x). (see also unbounded coords=jump). 
NOTE: coordinate (2.5,1Y9.7179e-1]) has been dropped because it is unbounded (in x). (see also unbounded coords=jump). 
NOTE: coordinate (2.5,1Y2.27045e0]) has been dropped because it is unbounded (in x). (see also unbounded coords=jump). 
NOTE: coordinate (2.5,1Y3.9656e0]) has been dropped because it is unbounded (in x). (see also unbounded coords=jump). 
NOTE: coordinate (2.5,1Y2.7922e0]) has been dropped because it is unbounded (in x). (see also unbounded coords=jump). 
PGFPlots: reading {../data/2D_errors_simpleRefsolFull.csv}
NOTE: coordinate (1.0,1Y1.374e0]) has been dropped because it is unbounded (in x). (see also unbounded coords=jump). 
NOTE: coordinate (1.0,1Y1.65096e0]) has been dropped because it is unbounded (in x). (see also unbounded coords=jump). 
NOTE: coordinate (1.0,1Y2.3463e0]) has been dropped because it is unbounded (in x). (see also unbounded coords=jump). 
NOTE: coordinate (1.0,1Y2.4066e0]) has been dropped because it is unbounded (in x). (see also unbounded coords=jump). 
NOTE: coordinate (1.5,1Y1.4319e0]) has been dropped because it is unbounded (in x). (see also unbounded coords=jump). 
NOTE: coordinate (1.5,1Y2.18295e0]) has been dropped because it is unbounded (in x). (see also unbounded coords=jump). 
NOTE: coordinate (1.5,1Y4.03174e0]) has been dropped because it is unbounded (in x). (see also unbounded coords=jump). 
NOTE: coordinate (1.5,1Y4.3721e0]) has been dropped because it is unbounded (in x). (see also unbounded coords=jump). 
NOTE: coordinate (2.0,1Y1.17621e0]) has been dropped because it is unbounded (in x). (see also unbounded coords=jump). 
NOTE: coordinate (2.0,1Y1.9034e0]) has been dropped because it is unbounded (in x). (see also unbounded coords=jump). 
NOTE: coordinate (2.0,1Y4.0782e0]) has been dropped because it is unbounded (in x). (see also unbounded coords=jump). 
NOTE: coordinate (2.0,1Y8.1326e0]) has been dropped because it is unbounded (in x). (see also unbounded coords=jump). 
NOTE: coordinate (2.5,1Y1.43983e0]) has been dropped because it is unbounded (in x). (see also unbounded coords=jump). 
NOTE: coordinate (2.5,1Y3.4776e0]) has been dropped because it is unbounded (in x). (see also unbounded coords=jump). 
NOTE: coordinate (2.5,1Y7.1017e0]) has been dropped because it is unbounded (in x). (see also unbounded coords=jump). 
NOTE: coordinate (2.5,1Y9.9773e0]) has been dropped because it is unbounded (in x). (see also unbounded coords=jump). 
NOTE: coordinate (1.0,1Y1.8956e0]) has been dropped because it is unbounded (in x). (see also unbounded coords=jump). 
NOTE: coordinate (1.0,1Y2.70439e0]) has been dropped because it is unbounded (in x). (see also unbounded coords=jump). 
NOTE: coordinate (1.0,1Y2.24844e0]) has been dropped because it is unbounded (in x). (see also unbounded coords=jump). 
NOTE: coordinate (1.5,1Y9.1624e-1]) has been dropped because it is unbounded (in x). (see also unbounded coords=jump). 
NOTE: coordinate (1.5,1Y1.78636e0]) has been dropped because it is unbounded (in x). (see also unbounded coords=jump). 
NOTE: coordinate (1.5,1Y2.1562e0]) has been dropped because it is unbounded (in x). (see also unbounded coords=jump). 
NOTE: coordinate (2.0,1Y8.3328e-1]) has been dropped because it is unbounded (in x). (see also unbounded coords=jump). 
NOTE: coordinate (2.0,1Y1.33646e0]) has been dropped because it is unbounded (in x). (see also unbounded coords=jump). 
NOTE: coordinate (2.0,1Y1.73413e0]) has been dropped because it is unbounded (in x). (see also unbounded coords=jump). 
NOTE: coordinate (2.5,1Y9.7179e-1]) has been dropped because it is unbounded (in x). (see also unbounded coords=jump). 
NOTE: coordinate (2.5,1Y2.27045e0]) has been dropped because it is unbounded (in x). (see also unbounded coords=jump). 
NOTE: coordinate (2.5,1Y3.9656e0]) has been dropped because it is unbounded (in x). (see also unbounded coords=jump). 
[1

{/var/lib/texmf/fonts/map/pdftex/updmap/pdftex.map}] (./2DcontrastSimple.aux)
 ***********
LaTeX2e <2023-11-01> patch level 1
L3 programming layer <2024-01-22>
 ***********
Package rerunfilecheck Info: File `2DcontrastSimple.out' has not changed.
(rerunfilecheck)             Checksum: D41D8CD98F00B204E9800998ECF8427E;0.
 ) 
Here is how much of TeX's memory you used:
 39790 strings out of 474222
 938968 string characters out of 5748733
 1991975 words of memory out of 5000000
 61458 multiletter control sequences out of 15000+600000
 563888 words of font info for 61 fonts, out of 8000000 for 9000
 1141 hyphenation exceptions out of 8191
 117i,18n,133p,4290b,2233s stack positions out of 10000i,1000n,20000p,200000b,200000s
</usr/share/texlive/texmf-dist/fonts/type1/public/amsfonts/cm/cmmi10.pfb></usr/share/texlive/texmf-dist/fonts/type1/public/amsfonts/cm/cmmi6.pfb></usr/share/texlive/texmf-dist/fonts/type1/public/amsfonts/cm/cmmi8.pfb></usr/share/texlive/texmf-dist/fonts/type1/public/amsfonts/cm/cmr10.pfb></usr/share/texlive/texmf-dist/fonts/type1/public/amsfonts/cm/cmr6.pfb></usr/share/texlive/texmf-dist/fonts/type1/public/amsfonts/cm/cmr7.pfb></usr/share/texlive/texmf-dist/fonts/type1/public/amsfonts/cm/cmr8.pfb></usr/share/texlive/texmf-dist/fonts/type1/public/amsfonts/cm/cmsy7.pfb></usr/share/texlive/texmf-dist/fonts/type1/public/amsfonts/cm/cmsy8.pfb>
Output written on 2DcontrastSimple.pdf (1 page, 87257 bytes).
PDF statistics:
 62 PDF objects out of 1000 (max. 8388607)
 40 compressed objects within 1 object stream
 3 named destinations out of 1000 (max. 500000)
 13 words of extra memory for PDF output out of 10000 (max. 10000000)

